<?xml version="1.0" encoding="UTF-8"?>
<!-- Generated by org.testng.reporters.JUnitXMLReporter -->
<testsuite ignored="0" hostname="DESKTOP-M71AP27" failures="0" tests="3" name="Default test" time="30.562" errors="0" timestamp="2022-08-17T14:37:51 IST">
  <testcase classname="com.BigBasket.qa.TessCases.TC01_LoginTest" name="clickLogin" time="4.628"/>
  <testcase classname="com.BigBasket.qa.TessCases.TC01_LoginTest" name="enterMob" time="2.515"/>
  <testcase classname="com.BigBasket.qa.TessCases.TC01_LoginTest" name="clickContinue" time="2.272"/>
</testsuite> <!-- Default test -->
