<?xml version="1.0" encoding="UTF-8"?>
<testng-results ignored="0" total="3" passed="3" failed="0" skipped="0">
  <reporter-output>
  </reporter-output>
  <suite started-at="2022-08-17T14:37:20 IST" name="Default suite" finished-at="2022-08-17T14:37:50 IST" duration-ms="30562">
    <groups>
    </groups>
    <test started-at="2022-08-17T14:37:20 IST" name="Default test" finished-at="2022-08-17T14:37:50 IST" duration-ms="30562">
      <class name="com.BigBasket.qa.TessCases.TC01_LoginTest">
        <test-method is-config="true" signature="openBrowser()[pri:0, instance:com.BigBasket.qa.TessCases.TC01_LoginTest@77fbd92c]" started-at="2022-08-17T14:37:20 IST" name="openBrowser" finished-at="2022-08-17T14:37:41 IST" duration-ms="20737" status="PASS">
          <reporter-output>
          </reporter-output>
        </test-method> <!-- openBrowser -->
        <test-method signature="clickLogin()[pri:0, instance:com.BigBasket.qa.TessCases.TC01_LoginTest@77fbd92c]" started-at="2022-08-17T14:37:41 IST" name="clickLogin" finished-at="2022-08-17T14:37:46 IST" duration-ms="4628" status="PASS">
          <reporter-output>
          </reporter-output>
        </test-method> <!-- clickLogin -->
        <test-method signature="enterMob()[pri:1, instance:com.BigBasket.qa.TessCases.TC01_LoginTest@77fbd92c]" started-at="2022-08-17T14:37:46 IST" name="enterMob" finished-at="2022-08-17T14:37:48 IST" duration-ms="2515" status="PASS">
          <reporter-output>
          </reporter-output>
        </test-method> <!-- enterMob -->
        <test-method signature="clickContinue()[pri:2, instance:com.BigBasket.qa.TessCases.TC01_LoginTest@77fbd92c]" started-at="2022-08-17T14:37:48 IST" name="clickContinue" finished-at="2022-08-17T14:37:50 IST" duration-ms="2272" status="PASS">
          <reporter-output>
          </reporter-output>
        </test-method> <!-- clickContinue -->
      </class> <!-- com.BigBasket.qa.TessCases.TC01_LoginTest -->
    </test> <!-- Default test -->
  </suite> <!-- Default suite -->
</testng-results>
